<?xml version="1.0" encoding="utf-8"?><testsuites name="pytest tests"><testsuite name="pytest" errors="0" failures="0" skipped="0" tests="13" time="3.951" timestamp="2026-08-25T19:57:18.096176+05:30" hostname="lightdesk"><testcase classname="assessment.tests.test_risk_ablation" name="test_platt_cv2" time="0.700" /><testcase classname="assessment.tests.test_risk_ablation" name="test_xgb_params" time="0.000" /><testcase classname="assessment.tests.test_risk_ablation" name="test_no_isotonic" time="0.001" /><testcase classname="assessment.tests.test_risk_ablation" name="test_ece_hi" time="1.715" /><testcase classname="assessment.tests.test_risk_ablation" name="test_calibration_curve_exists" time="0.000" /><testcase classname="assessment.tests.test_risk_ablation" name="test_permutation_n10" time="1.411" /><testcase classname="assessment.tests.test_risk_ablation" name="test_calibrated_prob_range" time="0.016" /><testcase classname="assessment.tests.test_risk_ablation" name="test_weak_supervision_ledger" time="0.000" /><testcase classname="assessment.tests.test_risk_ablation" name="test_pkl_size" time="0.000" /><testcase classname="assessment.tests.test_risk_ablation" name="test_no_raw_ja4_feature" time="0.000" /><testcase classname="assessment.tests.test_risk_ablation" name="test_build_vector_28" time="0.000" /><testcase classname="assessment.tests.test_risk_ablation" name="test_splits_31" time="0.000" /><testcase classname="assessment.tests.test_risk_ablation" name="test_predict_inversion_low_vs_high" time="0.029" /></testsuite></testsuites>