<?xml version="1.0" encoding="utf-8"?><testsuites name="pytest tests"><testsuite name="pytest" errors="0" failures="0" skipped="0" tests="11" time="1.235" timestamp="2026-08-25T19:22:25.615605+05:30" hostname="lightdesk"><testcase classname="assessment.tests.test_anomaly_hybrid" name="test_anomaly_pkl_exists_and_has_scores" time="0.001" /><testcase classname="assessment.tests.test_anomaly_hybrid" name="test_ecod_params_frozen" time="0.000" /><testcase classname="assessment.tests.test_anomaly_hybrid" name="test_contamination_invariance_scores_equal_threshold_differs" time="0.231" /><testcase classname="assessment.tests.test_anomaly_hybrid" name="test_roc_point_above_060" time="0.006" /><testcase classname="assessment.tests.test_anomaly_hybrid" name="test_score_flow_returns_float_and_wired" time="0.001" /><testcase classname="assessment.tests.test_anomaly_hybrid" name="test_anomaly_score_wired_to_flowverdict" time="0.001" /><testcase classname="assessment.tests.test_anomaly_hybrid" name="test_no_raw_ja4_in_vector" time="0.000" /><testcase classname="assessment.tests.test_anomaly_hybrid" name="test_fit_time_under_03s" time="0.003" /><testcase classname="assessment.tests.test_anomaly_hybrid" name="test_calibration_separate" time="0.000" /><testcase classname="assessment.tests.test_anomaly_hybrid" name="test_ecod_primary_documented" time="0.000" /><testcase classname="assessment.tests.test_anomaly_hybrid" name="test_pickle_load_and_threshold" time="0.000" /></testsuite></testsuites>