<?xml version="1.0" encoding="utf-8"?><testsuites name="pytest tests"><testsuite name="pytest" errors="0" failures="0" skipped="0" tests="3" time="0.021" timestamp="2026-08-25T10:14:29.036662+05:30" hostname="lightdesk"><testcase classname="shared.tests.test_freeze_guard" name="test_breaking_change_fails" time="0.001" /><testcase classname="shared.tests.test_freeze_guard" name="test_additive_allowed" time="0.000" /><testcase classname="shared.tests.test_freeze_guard" name="test_pullable" time="0.000" /></testsuite></testsuites>