<?xml version="1.0" encoding="utf-8"?><testsuites name="pytest tests"><testsuite name="pytest" errors="0" failures="0" skipped="0" tests="6" time="20.328" timestamp="2026-08-25T19:08:36.763091+05:30" hostname="lightdesk"><testcase classname="shared.tests.test_offline_bundle" name="test_schemas_json_exists" time="0.001" /><testcase classname="shared.tests.test_offline_bundle" name="test_no_weberblog_early" time="0.000" /><testcase classname="shared.tests.test_offline_bundle" name="test_schemas_json_jq_empty_valid" time="0.003" /><testcase classname="shared.tests.test_offline_bundle" name="test_vite_build_presence_and_bundle_size" time="0.015" /><testcase classname="shared.tests.test_offline_bundle" name="test_wheelhouse_size" time="0.003" /><testcase classname="shared.tests.test_offline_bundle" name="test_docker_save_size" time="20.289" /></testsuite></testsuites>