<?xml version="1.0" encoding="utf-8"?><testsuites name="pytest tests"><testsuite name="pytest" errors="0" failures="0" skipped="0" tests="7" time="0.085" timestamp="2026-08-25T17:31:40.874750+05:30" hostname="lightdesk"><testcase classname="api.tests.test_db" name="test_init_db_creates_table" time="0.001" /><testcase classname="api.tests.test_db" name="test_upsert_query" time="0.004" /><testcase classname="api.tests.test_db" name="test_point_lookup_latency" time="0.037" /><testcase classname="api.tests.test_db" name="test_malformed_json_skipped" time="0.005" /><testcase classname="api.tests.test_db" name="test_missing_db_fallback" time="0.006" /><testcase classname="api.tests.test_db" name="test_query_by_flow_id_missing_returns_none" time="0.000" /><testcase classname="api.tests.test_db" name="test_upsert_idempotent" time="0.006" /></testsuite></testsuites>