<?xml version="1.0" encoding="utf-8"?><testsuites name="pytest tests"><testsuite name="pytest" errors="0" failures="0" skipped="0" tests="3" time="2.791" timestamp="2026-08-25T10:11:13.510242+05:30" hostname="lightdesk"><testcase classname="lab.reassembler.tests.test_coverage_ratio" name="test_family01_gt_095" time="1.844" /><testcase classname="lab.reassembler.tests.test_coverage_ratio" name="test_jitter_logs_not_silent" time="0.928" /><testcase classname="lab.reassembler.tests.test_coverage_ratio" name="test_pre_tls_buffer_computed" time="0.004" /></testsuite></testsuites>