<?xml version="1.0" encoding="utf-8"?><testsuites name="pytest tests"><testsuite name="pytest" errors="0" failures="0" skipped="0" tests="7" time="0.120" timestamp="2026-08-25T15:04:59.014167+05:30" hostname="lightdesk"><testcase classname="validator.tests.test_chain_limbo" name="test_rsa2048_valid" time="0.006" /><testcase classname="validator.tests.test_chain_limbo" name="test_chain_incomplete_invalid" time="0.004" /><testcase classname="validator.tests.test_chain_limbo" name="test_expired_is_expired" time="0.004" /><testcase classname="validator.tests.test_chain_limbo" name="test_p256_valid" time="0.004" /><testcase classname="validator.tests.test_chain_limbo" name="test_policybuilder_present" time="0.000" /><testcase classname="validator.tests.test_chain_limbo" name="test_dual_store_exists" time="0.000" /><testcase classname="validator.tests.test_chain_limbo" name="test_cli_json" time="0.067" /></testsuite></testsuites>