<?xml version="1.0" encoding="utf-8"?><testsuites name="pytest tests"><testsuite name="pytest" errors="0" failures="0" skipped="0" tests="4" time="0.016" timestamp="2026-08-25T14:28:15.730642+05:30" hostname="lightdesk"><testcase classname="shared.tests.test_ja4_grease" name="test_grease_filter" time="0.001" /><testcase classname="shared.tests.test_ja4_rarity" name="test_known_returns_rarity" time="0.000" /><testcase classname="shared.tests.test_ja4_rarity" name="test_unknown_returns_none" time="0.000" /><testcase classname="shared.tests.test_ja4_rarity" name="test_rarity_range_all_known" time="0.000" /></testsuite></testsuites>