<?xml version="1.0" encoding="utf-8"?><testsuites name="pytest tests"><testsuite name="pytest" errors="0" failures="0" skipped="1" tests="92" time="26.041" timestamp="2026-08-25T15:26:55.925555+05:30" hostname="lightdesk"><testcase classname="shared.tests.test_schema" name="test_fixtures_schema" time="0.002" /><testcase classname="shared.tests.test_schema" name="test_opaque_invariant" time="0.000" /><testcase classname="shared.tests.test_schema" name="test_defs" time="0.004" /><testcase classname="shared.tests.test_schema" name="test_ja4_rarity_span_locked" time="0.000" /><testcase classname="lab.reassembler.tests.test_reassembly" name="test_tshark_4_prefs_hardened" time="0.000" /><testcase classname="lab.reassembler.tests.test_reassembly" name="test_baseline_coverage_characterization" time="0.003" /><testcase classname="lab.reassembler.tests.test_reassembly" name="test_reassembly_f1" time="0.002"><skipped type="pytest.skip" message="tshark missing — fallback F1 check passed via reassembler coverage_ratio&gt;0.95">/home/shreyas/projects/CipherCrest/lab/reassembler/tests/test_reassembly.py:72: tshark missing — fallback F1 check passed via reassembler coverage_ratio&gt;0.95</skipped></testcase><testcase classname="lab.reassembler.tests.test_reassembly" name="test_reassembly_f1_coverage_fallback" time="0.002" /><testcase classname="lab.reassembler.tests.test_reassembly" name="test_banner_discriminator" time="0.005" /><testcase classname="lab.reassembler.tests.test_reassembly" name="test_coverage_ratio_clean" time="0.004" /><testcase classname="lab.reassembler.tests.test_reassembly" name="test_clean_corpus_10_coverages_1_0" time="0.014" /><testcase classname="lab.reassembler.tests.test_reassembly" name="test_jittered_corpus_7_and_legacy" time="0.012" /><testcase classname="lab.reassembler.tests.test_reassembly" name="test_weberblog_or_synthetic_fallback" time="0.000" /><testcase classname="lab.reassembler.tests.test_reassembly" name="test_cli_json_output" time="0.886" /><testcase classname="lab.reassembler.tests.test_reassembly" name="test_family03_3des_sweet32_distinct" time="0.002" /><testcase classname="lab.reassembler.tests.test_reassembly" name="test_family04_deprecated" time="0.002" /><testcase classname="lab.reassembler.tests.test_reassembly" name="test_10families_distinct_ciphers" time="0.000" /><testcase classname="lab.reassembler.tests.test_coverage_ratio" name="test_family01_gt_095" time="0.898" /><testcase classname="lab.reassembler.tests.test_coverage_ratio" name="test_jitter_logs_not_silent" time="0.908" /><testcase classname="lab.reassembler.tests.test_coverage_ratio" name="test_pre_tls_buffer_computed" time="0.004" /><testcase classname="lab.reassembler.tests.test_coverage_ratio" name="test_3corpora_clean_jittered_weberblog" time="0.026" /><testcase classname="lab.reassembler.tests.test_coverage_ratio" name="test_coverage_ratio_every_flow_asserts" time="0.005" /><testcase classname="lab.reassembler.tests.test_coverage_ratio" name="test_tshark_4prefs_not_3" time="0.000" /><testcase classname="lab.reassembler.tests.test_coverage_ratio" name="test_stripping_flow3_no_clienthello" time="0.003" /><testcase classname="lab.reassembler.tests.test_history_triple" name="test_triple_count" time="0.004" /><testcase classname="lab.reassembler.tests.test_history_triple" name="test_reassembler_triple_pre_tls_gate" time="0.005" /><testcase classname="lab.reassembler.tests.test_history_triple" name="test_single_vs_triple_severity" time="0.000" /><testcase classname="analyzer.tests.test_handshake" name="test_cipher_exact" time="8.934" /><testcase classname="analyzer.tests.test_handshake" name="test_family06_opaque" time="1.010" /><testcase classname="analyzer.tests.test_handshake" name="test_family01_ecdhe_fs_aead" time="0.979" /><testcase classname="analyzer.tests.test_handshake" name="test_family09_stripped" time="0.983" /><testcase classname="analyzer.tests.test_handshake" name="test_family04_deprecated_weak" time="1.013" /><testcase classname="analyzer.tests.test_handshake" name="test_family05_deprecated_weak" time="0.982" /><testcase classname="analyzer.tests.test_handshake" name="test_version_logic" time="3.916" /><testcase classname="analyzer.tests.test_handshake" name="test_tshark_prefs_logged" time="0.987" /><testcase classname="analyzer.tests.test_handshake" name="test_schemas_forbid_tls_extra" time="0.981" /><testcase classname="analyzer.tests.test_handshake" name="test_no_cert_der_parse" time="0.000" /><testcase classname="analyzer.tests.test_handshake" name="test_malformed_unknown_version" time="0.988" /><testcase classname="analyzer.tests.test_ja4" name="test_grease_harmonization" time="0.001" /><testcase classname="analyzer.tests.test_ja4" name="test_ja4_present_all_flows" time="0.014" /><testcase classname="analyzer.tests.test_ja4" name="test_rarity_range_and_unknown" time="0.000" /><testcase classname="analyzer.tests.test_ja4" name="test_whitelist" time="0.000" /><testcase classname="analyzer.tests.test_ja4" name="test_offline_rarity_via_pcap" time="0.002" /><testcase classname="analyzer.tests.test_ja4" name="test_ja4s_emitted" time="0.002" /><testcase classname="analyzer.tests.test_ja4" name="test_early_data_ech_fields" time="0.975" /><testcase classname="analyzer.tests.test_ja4" name="test_rarity_span_fixtures" time="0.001" /><testcase classname="shared.tests.test_ja4_grease" name="test_grease_filter" time="0.000" /><testcase classname="shared.tests.test_ja4_rarity" name="test_known_returns_rarity" time="0.000" /><testcase classname="shared.tests.test_ja4_rarity" name="test_unknown_returns_none" time="0.000" /><testcase classname="shared.tests.test_ja4_rarity" name="test_rarity_range_all_known" time="0.000" /><testcase classname="validator.tests.test_chain_limbo" name="test_rsa2048_valid" time="0.005" /><testcase classname="validator.tests.test_chain_limbo" name="test_chain_incomplete_invalid" time="0.004" /><testcase classname="validator.tests.test_chain_limbo" name="test_expired_is_expired" time="0.005" /><testcase classname="validator.tests.test_chain_limbo" name="test_p256_valid" time="0.004" /><testcase classname="validator.tests.test_chain_limbo" name="test_policybuilder_present" time="0.000" /><testcase classname="validator.tests.test_chain_limbo" name="test_dual_store_exists" time="0.000" /><testcase classname="validator.tests.test_chain_limbo" name="test_cli_json" time="0.063" /><testcase classname="validator.tests.test_chain_limbo" name="test_limbovectors" time="0.078" /><testcase classname="validator.tests.test_chain_limbo" name="test_precision" time="0.079" /><testcase classname="validator.tests.test_chain_limbo" name="test_no_live_fetch_and_no_mock13" time="0.000" /><testcase classname="validator.tests.test_chain_limbo" name="test_family07_expired_critical" time="0.004" /><testcase classname="validator.tests.test_chain_limbo" name="test_family08_rsa1024_des_critical" time="0.004" /><testcase classname="validator.tests.test_chain_limbo" name="test_family10_chain_incomplete_high" time="0.009" /><testcase classname="validator.tests.test_chain_limbo" name="test_family06_opaque_invariant" time="0.000" /><testcase classname="validator.tests.test_badssl" name="test_badssl_templates" time="0.000" /><testcase classname="validator.tests.test_badssl" name="test_badssl_precision" time="0.040" /><testcase classname="validator.tests.test_badssl" name="test_badssl_expired_flag" time="0.004" /><testcase classname="validator.tests.test_badssl" name="test_badssl_selfsigned_flag" time="0.004" /><testcase classname="validator.tests.test_badssl" name="test_badssl_rsa1024_flag" time="0.004" /><testcase classname="validator.tests.test_badssl" name="test_badssl_sha1_and_no_live_fetch" time="0.004" /><testcase classname="validator.tests.test_badssl" name="test_badssl_no_mock13" time="0.000" /><testcase classname="assessment.tests.test_rules" name="test_23_checks_spec_cited" time="0.001" /><testcase classname="assessment.tests.test_rules" name="test_weak_recall" time="0.001" /><testcase classname="assessment.tests.test_rules" name="test_family03_3des_high" time="0.000" /><testcase classname="assessment.tests.test_rules" name="test_rc4_critical" time="0.000" /><testcase classname="assessment.tests.test_rules" name="test_downgrade_possible_single_high" time="0.000" /><testcase classname="assessment.tests.test_rules" name="test_triple_critical_via_history" time="0.000" /><testcase classname="assessment.tests.test_rules" name="test_family06_opaque_no_cert_weak" time="0.000" /><testcase classname="assessment.tests.test_rules" name="test_pre_tls_injection_high_else_info" time="0.000" /><testcase classname="assessment.tests.test_rules" name="test_scoring_weights_info_unless_high" time="0.000" /><testcase classname="assessment.tests.test_rules" name="test_spec_citations_present" time="0.000" /><testcase classname="assessment.tests.test_rules" name="test_remediation_per_check" time="0.001" /><testcase classname="assessment.tests.test_rules" name="test_never_body_decrypt_never_pqc" time="0.000" /><testcase classname="assessment.tests.test_rules" name="test_no_iso_tonic" time="0.000" /><testcase classname="assessment.tests.test_rules" name="test_no_raw_ja4_vector" time="0.000" /><testcase classname="assessment.tests.test_rules" name="test_malformed_input_not_crash" time="0.000" /><testcase classname="assessment.tests.test_rules" name="test_cap100" time="0.000" /><testcase classname="assessment.tests.test_rules" name="test_ech_outer_info" time="0.000" /><testcase classname="api.tests.test_api" name="test_analyze_single_pcap" time="0.070" /><testcase classname="api.tests.test_api" name="test_analyze_zip" time="0.005" /><testcase classname="api.tests.test_api" name="test_malformed" time="0.001" /><testcase classname="api.tests.test_api" name="test_missing_returns_422" time="0.001" /></testsuite></testsuites>