<?xml version="1.0" encoding="utf-8"?><testsuites name="pytest tests"><testsuite name="pytest" errors="0" failures="0" skipped="0" tests="13" time="0.019" timestamp="2026-08-25T19:05:00.320374+05:30" hostname="lightdesk"><testcase classname="assessment.tests.test_features" name="test_features_28_len" time="0.001" /><testcase classname="assessment.tests.test_features" name="test_base_21_categorical_numeric_split" time="0.000" /><testcase classname="assessment.tests.test_features" name="test_features_excludes_ja4_includes_rarity" time="0.000" /><testcase classname="assessment.tests.test_features" name="test_environment_not_in_features" time="0.000" /><testcase classname="assessment.tests.test_features" name="test_xgb_categorical_params_frozen" time="0.000" /><testcase classname="assessment.tests.test_features" name="test_allowed_risk_whitelist" time="0.000" /><testcase classname="assessment.tests.test_features" name="test_starttls_mode_mapping_matches_schemas" time="0.000" /><testcase classname="assessment.tests.test_features" name="test_build_vector_xgb_28_nanfree_deterministic" time="0.000" /><testcase classname="assessment.tests.test_features" name="test_build_vector_ae_normalized" time="0.000" /><testcase classname="assessment.tests.test_features" name="test_build_vector_missing_cert_opaque" time="0.000" /><testcase classname="assessment.tests.test_features" name="test_build_vector_cert_missing_reason_edges" time="0.000" /><testcase classname="assessment.tests.test_features" name="test_isotonic_and_family_id_guards" time="0.002" /><testcase classname="assessment.tests.test_features" name="test_build_vector_ja4_rarity_clamp_and_days_bounds" time="0.000" /></testsuite></testsuites>