<?xml version="1.0" encoding="utf-8"?><testsuites name="pytest tests"><testsuite name="pytest" errors="0" failures="0" skipped="0" tests="10" time="0.023" timestamp="2026-08-25T15:06:59.593381+05:30" hostname="lightdesk"><testcase classname="assessment.tests.test_score" name="test_weights_exact" time="0.000" /><testcase classname="assessment.tests.test_score" name="test_empty" time="0.000" /><testcase classname="assessment.tests.test_score" name="test_single_critical" time="0.000" /><testcase classname="assessment.tests.test_score" name="test_info_weighted" time="0.000" /><testcase classname="assessment.tests.test_score" name="test_thresholds" time="0.000" /><testcase classname="assessment.tests.test_score" name="test_cap100" time="0.000" /><testcase classname="assessment.tests.test_score" name="test_posture_gauge" time="0.000" /><testcase classname="assessment.tests.test_score" name="test_remediation_export" time="0.000" /><testcase classname="assessment.tests.test_score" name="test_no_ml_prob" time="0.000" /><testcase classname="assessment.tests.test_score" name="test_manual_qa_channel" time="0.000" /></testsuite></testsuites>