<?xml version="1.0" encoding="utf-8"?><testsuites name="pytest tests"><testsuite name="pytest" errors="0" failures="0" skipped="0" tests="10" time="0.024" timestamp="2026-08-25T17:19:55.604349+05:30" hostname="lightdesk"><testcase classname="assessment.tests.test_policy" name="test_family01_low_allow" time="0.002" /><testcase classname="assessment.tests.test_policy" name="test_family03_high_quarantine" time="0.000" /><testcase classname="assessment.tests.test_policy" name="test_family04_critical_block" time="0.000" /><testcase classname="assessment.tests.test_policy" name="test_family09_single_flag_lowconf" time="0.000" /><testcase classname="assessment.tests.test_policy" name="test_family09_triple_block" time="0.000" /><testcase classname="assessment.tests.test_policy" name="test_family06_opaque_low" time="0.000" /><testcase classname="assessment.tests.test_policy" name="test_family07_expired_sha1_critical" time="0.000" /><testcase classname="assessment.tests.test_policy" name="test_alias_schema_frozen" time="0.001" /><testcase classname="assessment.tests.test_policy" name="test_malformed_opaque_no_crash" time="0.000" /><testcase classname="assessment.tests.test_policy" name="test_dict_and_model_input" time="0.000" /></testsuite></testsuites>