<?xml version="1.0" encoding="utf-8"?><testsuites name="pytest tests"><testsuite name="pytest" errors="0" failures="0" skipped="0" tests="20" time="0.024" timestamp="2026-08-25T19:08:25.754379+05:30" hostname="lightdesk"><testcase classname="assessment.tests.test_splits" name="test_splits_file_exists" time="0.001" /><testcase classname="assessment.tests.test_splits" name="test_unique_envs_and_ratio" time="0.000" /><testcase classname="assessment.tests.test_splits" name="test_groups_disjoint" time="0.000" /><testcase classname="assessment.tests.test_splits" name="test_d3_locked_disjoint" time="0.000" /><testcase classname="assessment.tests.test_splits" name="test_d_prior_disjoint" time="0.000" /><testcase classname="assessment.tests.test_splits" name="test_prior_flag_disjoint_and_no_risk_labels" time="0.000" /><testcase classname="assessment.tests.test_splits" name="test_d5_temporal_same_env" time="0.000" /><testcase classname="assessment.tests.test_splits" name="test_family_id_forbidden" time="0.000" /><testcase classname="assessment.tests.test_splits" name="test_no_forbidden_calibration_in_assessment" time="0.001" /><testcase classname="assessment.tests.test_splits" name="test_environment_id_grouping" time="0.000" /><testcase classname="assessment.tests.test_splits" name="test_all_environment_ids_completeness" time="0.000" /><testcase classname="assessment.tests.test_splits" name="test_all_environment_ids_31_strict" time="0.000" /><testcase classname="assessment.tests.test_splits" name="test_groups_by_env_31_strict" time="0.000" /><testcase classname="assessment.tests.test_splits" name="test_risk_groups_25_and_ratio" time="0.000" /><testcase classname="assessment.tests.test_splits" name="test_d3_not_in_d1_d2_strict" time="0.000" /><testcase classname="assessment.tests.test_splits" name="test_d_prior_not_in_d1_strict" time="0.000" /><testcase classname="assessment.tests.test_splits" name="test_d5_temporal_env_frozen_strict" time="0.000" /><testcase classname="assessment.tests.test_splits" name="test_family_id_forbidden_strict" time="0.000" /><testcase classname="assessment.tests.test_splits" name="test_isotonic_forbidden_in_assessment" time="0.001" /><testcase classname="assessment.tests.test_splits" name="test_groups_by_env_from_manifest" time="0.000" /></testsuite></testsuites>