<?xml version="1.0" encoding="utf-8"?><testsuites name="pytest tests"><testsuite name="pytest" errors="0" failures="0" skipped="0" tests="6" time="0.897" timestamp="2026-08-25T14:37:07.399400+05:30" hostname="lightdesk"><testcase classname="analyzer.tests.test_ja4" name="test_grease_harmonization" time="0.001" /><testcase classname="analyzer.tests.test_ja4" name="test_ja4_present_all_flows" time="0.882" /><testcase classname="analyzer.tests.test_ja4" name="test_rarity_range_and_unknown" time="0.000" /><testcase classname="analyzer.tests.test_ja4" name="test_whitelist" time="0.000" /><testcase classname="analyzer.tests.test_ja4" name="test_offline_rarity_via_pcap" time="0.002" /><testcase classname="analyzer.tests.test_ja4" name="test_ja4s_emitted" time="0.002" /></testsuite></testsuites>