<?xml version="1.0" encoding="utf-8"?><testsuites name="pytest tests"><testsuite name="pytest" errors="0" failures="0" skipped="0" tests="22" time="0.044" timestamp="2026-08-25T17:59:38.925954+05:30" hostname="lightdesk"><testcase classname="shared.tests.test_freeze_guard" name="test_breaking_change_fails" time="0.001" /><testcase classname="shared.tests.test_freeze_guard" name="test_additive_allowed" time="0.000" /><testcase classname="shared.tests.test_freeze_guard" name="test_pullable" time="0.000" /><testcase classname="shared.tests.test_freeze_guard" name="test_no_isotonic" time="0.003" /><testcase classname="shared.tests.test_freeze_guard" name="test_no_raw_ja4_in_vector" time="0.004" /><testcase classname="shared.tests.test_freeze_guard" name="test_family_grouping_forbidden_and_prior_locked" time="0.001" /><testcase classname="assessment.tests.test_splits" name="test_splits_file_exists" time="0.000" /><testcase classname="assessment.tests.test_splits" name="test_unique_envs_and_ratio" time="0.000" /><testcase classname="assessment.tests.test_splits" name="test_groups_disjoint" time="0.000" /><testcase classname="assessment.tests.test_splits" name="test_d3_locked_disjoint" time="0.000" /><testcase classname="assessment.tests.test_splits" name="test_d_prior_disjoint" time="0.000" /><testcase classname="assessment.tests.test_splits" name="test_prior_flag_disjoint_and_no_risk_labels" time="0.000" /><testcase classname="assessment.tests.test_splits" name="test_d5_temporal_same_env" time="0.000" /><testcase classname="assessment.tests.test_splits" name="test_family_id_forbidden" time="0.000" /><testcase classname="assessment.tests.test_splits" name="test_no_forbidden_calibration_in_assessment" time="0.001" /><testcase classname="assessment.tests.test_splits" name="test_environment_id_grouping" time="0.000" /><testcase classname="assessment.tests.test_splits" name="test_all_environment_ids_completeness" time="0.000" /><testcase classname="shared.tests.test_censys_prior" name="test_prior_flag" time="0.001" /><testcase classname="shared.tests.test_censys_prior" name="test_chain_valid_none" time="0.000" /><testcase classname="shared.tests.test_censys_prior" name="test_ja4_rarity_span" time="0.000" /><testcase classname="shared.tests.test_censys_prior" name="test_prior_disjoint_env" time="0.000" /><testcase classname="shared.tests.test_censys_prior" name="test_ja4_grease_not_hardcoded" time="0.000" /></testsuite></testsuites>