<?xml version="1.0" encoding="utf-8"?><testsuites name="pytest tests"><testsuite name="pytest" errors="0" failures="0" skipped="0" tests="7" time="2.857" timestamp="2026-08-25T14:26:52.300153+05:30" hostname="lightdesk"><testcase classname="shared.tests.test_ja4_grease" name="test_grease_filter" time="0.001" /><testcase classname="shared.tests.test_ja4_rarity" name="test_known_returns_rarity" time="0.000" /><testcase classname="shared.tests.test_ja4_rarity" name="test_unknown_returns_none" time="0.000" /><testcase classname="shared.tests.test_ja4_rarity" name="test_rarity_range_all_known" time="0.000" /><testcase classname="lab.reassembler.tests.test_coverage_ratio" name="test_family01_gt_095" time="1.903" /><testcase classname="lab.reassembler.tests.test_coverage_ratio" name="test_jitter_logs_not_silent" time="0.930" /><testcase classname="lab.reassembler.tests.test_coverage_ratio" name="test_pre_tls_buffer_computed" time="0.004" /></testsuite></testsuites>