<?xml version="1.0" encoding="utf-8"?><testsuites name="pytest tests"><testsuite name="pytest" errors="0" failures="0" skipped="0" tests="10" time="1.780" timestamp="2026-08-25T17:54:19.096853+05:30" hostname="lightdesk"><testcase classname="api.tests.test_api" name="test_analyze_single_pcap" time="0.041" /><testcase classname="api.tests.test_api" name="test_analyze_zip" time="0.007" /><testcase classname="api.tests.test_api" name="test_malformed" time="0.001" /><testcase classname="api.tests.test_api" name="test_missing_returns_422" time="0.001" /><testcase classname="api.tests.test_api_e2e" name="test_zip_roundtrip" time="0.162" /><testcase classname="api.tests.test_api_e2e" name="test_get_flows_db_fallback_when_last_none" time="0.105" /><testcase classname="api.tests.test_api_e2e" name="test_single_pcap_then_get_flows" time="0.119" /><testcase classname="api.tests.test_api_e2e" name="test_posture_gauge_matches_score_avg" time="0.107" /><testcase classname="api.tests.test_api_e2e" name="test_cold_start_lt_3s" time="0.124" /><testcase classname="api.tests.test_api_e2e" name="test_use_stub_flip_polling" time="0.001" /></testsuite></testsuites>