<?xml version="1.0" encoding="utf-8"?><testsuites name="pytest tests"><testsuite name="pytest" errors="0" failures="0" skipped="0" tests="78" time="6.485" timestamp="2026-08-25T20:01:51.532547+05:30" hostname="lightdesk"><testcase classname="assessment.tests.test_features" name="test_features_28_len" time="0.001" /><testcase classname="assessment.tests.test_features" name="test_base_21_categorical_numeric_split" time="0.000" /><testcase classname="assessment.tests.test_features" name="test_features_excludes_ja4_includes_rarity" time="0.000" /><testcase classname="assessment.tests.test_features" name="test_environment_not_in_features" time="0.000" /><testcase classname="assessment.tests.test_features" name="test_xgb_categorical_params_frozen" time="0.000" /><testcase classname="assessment.tests.test_features" name="test_allowed_risk_whitelist" time="0.000" /><testcase classname="assessment.tests.test_features" name="test_starttls_mode_mapping_matches_schemas" time="0.000" /><testcase classname="assessment.tests.test_features" name="test_build_vector_xgb_28_nanfree_deterministic" time="0.000" /><testcase classname="assessment.tests.test_features" name="test_build_vector_ae_normalized" time="0.000" /><testcase classname="assessment.tests.test_features" name="test_build_vector_missing_cert_opaque" time="0.000" /><testcase classname="assessment.tests.test_features" name="test_build_vector_cert_missing_reason_edges" time="0.000" /><testcase classname="assessment.tests.test_features" name="test_isotonic_and_family_id_guards" time="0.001" /><testcase classname="assessment.tests.test_features" name="test_build_vector_ja4_rarity_clamp_and_days_bounds" time="0.000" /><testcase classname="assessment.tests.test_splits" name="test_splits_file_exists" time="0.000" /><testcase classname="assessment.tests.test_splits" name="test_unique_envs_and_ratio" time="0.000" /><testcase classname="assessment.tests.test_splits" name="test_groups_disjoint" time="0.000" /><testcase classname="assessment.tests.test_splits" name="test_d3_locked_disjoint" time="0.000" /><testcase classname="assessment.tests.test_splits" name="test_d_prior_disjoint" time="0.000" /><testcase classname="assessment.tests.test_splits" name="test_prior_flag_disjoint_and_no_risk_labels" time="0.000" /><testcase classname="assessment.tests.test_splits" name="test_d5_temporal_same_env" time="0.000" /><testcase classname="assessment.tests.test_splits" name="test_family_id_forbidden" time="0.000" /><testcase classname="assessment.tests.test_splits" name="test_no_forbidden_calibration_in_assessment" time="0.001" /><testcase classname="assessment.tests.test_splits" name="test_environment_id_grouping" time="0.000" /><testcase classname="assessment.tests.test_splits" name="test_all_environment_ids_completeness" time="0.000" /><testcase classname="assessment.tests.test_splits" name="test_all_environment_ids_31_strict" time="0.000" /><testcase classname="assessment.tests.test_splits" name="test_groups_by_env_31_strict" time="0.000" /><testcase classname="assessment.tests.test_splits" name="test_risk_groups_25_and_ratio" time="0.000" /><testcase classname="assessment.tests.test_splits" name="test_d3_not_in_d1_d2_strict" time="0.000" /><testcase classname="assessment.tests.test_splits" name="test_d_prior_not_in_d1_strict" time="0.000" /><testcase classname="assessment.tests.test_splits" name="test_d5_temporal_env_frozen_strict" time="0.000" /><testcase classname="assessment.tests.test_splits" name="test_family_id_forbidden_strict" time="0.000" /><testcase classname="assessment.tests.test_splits" name="test_isotonic_forbidden_in_assessment" time="0.001" /><testcase classname="assessment.tests.test_splits" name="test_groups_by_env_from_manifest" time="0.000" /><testcase classname="assessment.tests.test_splits" name="test_groups_by_family_exists" time="0.000" /><testcase classname="assessment.tests.test_splits" name="test_family_disjoint_splits" time="0.000" /><testcase classname="shared.tests.test_censys_prior" name="test_prior_flag" time="0.001" /><testcase classname="shared.tests.test_censys_prior" name="test_chain_valid_none" time="0.000" /><testcase classname="shared.tests.test_censys_prior" name="test_ja4_rarity_span" time="0.000" /><testcase classname="shared.tests.test_censys_prior" name="test_prior_disjoint_env" time="0.000" /><testcase classname="shared.tests.test_censys_prior" name="test_ja4_grease_not_hardcoded" time="0.000" /><testcase classname="shared.tests.test_censys_prior" name="test_lean_20_rows_not_200" time="0.000" /><testcase classname="shared.tests.test_censys_prior" name="test_prior_disjoint_D1_train_groups" time="0.000" /><testcase classname="shared.tests.test_censys_prior" name="test_tls_ja4_rarity_0_1_and_span" time="0.000" /><testcase classname="shared.tests.test_censys_prior" name="test_cert_chain_length_none_and_caveat" time="0.000" /><testcase classname="shared.tests.test_freeze_guard" name="test_breaking_change_fails" time="0.001" /><testcase classname="shared.tests.test_freeze_guard" name="test_additive_allowed" time="0.000" /><testcase classname="shared.tests.test_freeze_guard" name="test_pullable" time="0.000" /><testcase classname="shared.tests.test_freeze_guard" name="test_no_isotonic" time="0.004" /><testcase classname="shared.tests.test_freeze_guard" name="test_no_raw_ja4_in_vector" time="0.004" /><testcase classname="shared.tests.test_freeze_guard" name="test_family_grouping_forbidden_and_prior_locked" time="0.002" /><testcase classname="assessment.tests.test_risk_ablation" name="test_platt_cv2" time="0.005" /><testcase classname="assessment.tests.test_risk_ablation" name="test_xgb_params" time="0.000" /><testcase classname="assessment.tests.test_risk_ablation" name="test_no_isotonic" time="0.001" /><testcase classname="assessment.tests.test_risk_ablation" name="test_ece_hi" time="2.002" /><testcase classname="assessment.tests.test_risk_ablation" name="test_calibration_curve_exists" time="0.000" /><testcase classname="assessment.tests.test_risk_ablation" name="test_permutation_n10" time="1.554" /><testcase classname="assessment.tests.test_risk_ablation" name="test_calibrated_prob_range" time="0.033" /><testcase classname="assessment.tests.test_risk_ablation" name="test_weak_supervision_ledger" time="0.000" /><testcase classname="assessment.tests.test_risk_ablation" name="test_pkl_size" time="0.000" /><testcase classname="assessment.tests.test_risk_ablation" name="test_no_raw_ja4_feature" time="0.000" /><testcase classname="assessment.tests.test_risk_ablation" name="test_build_vector_28" time="0.000" /><testcase classname="assessment.tests.test_risk_ablation" name="test_splits_31" time="0.000" /><testcase classname="assessment.tests.test_risk_ablation" name="test_predict_inversion_low_vs_high" time="0.063" /><testcase classname="assessment.tests.test_anomaly_hybrid" name="test_anomaly_pkl_exists_and_has_scores" time="0.000" /><testcase classname="assessment.tests.test_anomaly_hybrid" name="test_ecod_params_frozen" time="0.000" /><testcase classname="assessment.tests.test_anomaly_hybrid" name="test_contamination_invariance_scores_equal_threshold_differs" time="0.260" /><testcase classname="assessment.tests.test_anomaly_hybrid" name="test_roc_point_above_060" time="0.006" /><testcase classname="assessment.tests.test_anomaly_hybrid" name="test_score_flow_returns_float_and_wired" time="0.001" /><testcase classname="assessment.tests.test_anomaly_hybrid" name="test_anomaly_score_wired_to_flowverdict" time="0.001" /><testcase classname="assessment.tests.test_anomaly_hybrid" name="test_no_raw_ja4_in_vector" time="0.000" /><testcase classname="assessment.tests.test_anomaly_hybrid" name="test_fit_time_under_03s" time="0.003" /><testcase classname="assessment.tests.test_anomaly_hybrid" name="test_calibration_separate" time="0.000" /><testcase classname="assessment.tests.test_anomaly_hybrid" name="test_ecod_primary_documented" time="0.000" /><testcase classname="assessment.tests.test_anomaly_hybrid" name="test_pickle_load_and_threshold" time="0.000" /><testcase classname="api.tests.test_api_ml_wiring" name="test_ml_enriched_zip3" time="0.078" /><testcase classname="api.tests.test_api_ml_wiring" name="test_fallback_graceful_when_pkl_missing_still_200" time="0.030" /><testcase classname="api.tests.test_api_ml_wiring" name="test_malformed_still_error" time="0.001" /><testcase classname="api.tests.test_api_ml_wiring" name="test_calibrated_prob_via_dummy_pcap_zip" time="0.019" /></testsuite></testsuites>