<?xml version="1.0" encoding="utf-8"?><testsuites name="pytest tests"><testsuite name="pytest" errors="0" failures="0" skipped="0" tests="5" time="0.018" timestamp="2026-08-25T17:22:32.893096+05:30" hostname="lightdesk"><testcase classname="shared.tests.test_censys_prior" name="test_prior_flag" time="0.001" /><testcase classname="shared.tests.test_censys_prior" name="test_chain_valid_none" time="0.000" /><testcase classname="shared.tests.test_censys_prior" name="test_ja4_rarity_span" time="0.000" /><testcase classname="shared.tests.test_censys_prior" name="test_prior_disjoint_env" time="0.000" /><testcase classname="shared.tests.test_censys_prior" name="test_ja4_grease_not_hardcoded" time="0.001" /></testsuite></testsuites>