<?xml version="1.0" encoding="utf-8"?><testsuites name="pytest tests"><testsuite name="pytest" errors="0" failures="0" skipped="0" tests="9" time="0.023" timestamp="2026-08-25T18:57:38.998434+05:30" hostname="lightdesk"><testcase classname="shared.tests.test_censys_prior" name="test_prior_flag" time="0.001" /><testcase classname="shared.tests.test_censys_prior" name="test_chain_valid_none" time="0.000" /><testcase classname="shared.tests.test_censys_prior" name="test_ja4_rarity_span" time="0.000" /><testcase classname="shared.tests.test_censys_prior" name="test_prior_disjoint_env" time="0.000" /><testcase classname="shared.tests.test_censys_prior" name="test_ja4_grease_not_hardcoded" time="0.001" /><testcase classname="shared.tests.test_censys_prior" name="test_lean_20_rows_not_200" time="0.000" /><testcase classname="shared.tests.test_censys_prior" name="test_prior_disjoint_D1_train_groups" time="0.000" /><testcase classname="shared.tests.test_censys_prior" name="test_tls_ja4_rarity_0_1_and_span" time="0.000" /><testcase classname="shared.tests.test_censys_prior" name="test_cert_chain_length_none_and_caveat" time="0.000" /></testsuite></testsuites>