<?xml version="1.0" encoding="utf-8"?><testsuites name="pytest tests"><testsuite name="pytest" errors="0" failures="0" skipped="0" tests="17" time="0.030" timestamp="2026-08-25T15:11:45.355491+05:30" hostname="lightdesk"><testcase classname="assessment.tests.test_rules" name="test_23_checks_spec_cited" time="0.001" /><testcase classname="assessment.tests.test_rules" name="test_weak_recall" time="0.002" /><testcase classname="assessment.tests.test_rules" name="test_family03_3des_high" time="0.000" /><testcase classname="assessment.tests.test_rules" name="test_rc4_critical" time="0.000" /><testcase classname="assessment.tests.test_rules" name="test_downgrade_possible_single_high" time="0.000" /><testcase classname="assessment.tests.test_rules" name="test_triple_critical_via_history" time="0.000" /><testcase classname="assessment.tests.test_rules" name="test_family06_opaque_no_cert_weak" time="0.000" /><testcase classname="assessment.tests.test_rules" name="test_pre_tls_injection_high_else_info" time="0.000" /><testcase classname="assessment.tests.test_rules" name="test_scoring_weights_info_unless_high" time="0.000" /><testcase classname="assessment.tests.test_rules" name="test_spec_citations_present" time="0.000" /><testcase classname="assessment.tests.test_rules" name="test_remediation_per_check" time="0.001" /><testcase classname="assessment.tests.test_rules" name="test_never_body_decrypt_never_pqc" time="0.000" /><testcase classname="assessment.tests.test_rules" name="test_no_isotonic" time="0.000" /><testcase classname="assessment.tests.test_rules" name="test_no_ja4_in_features" time="0.000" /><testcase classname="assessment.tests.test_rules" name="test_malformed_input_not_crash" time="0.000" /><testcase classname="assessment.tests.test_rules" name="test_cap100" time="0.000" /><testcase classname="assessment.tests.test_rules" name="test_ech_outer_info" time="0.000" /></testsuite></testsuites>