<?xml version="1.0" encoding="utf-8"?><testsuites name="pytest tests"><testsuite name="pytest" errors="0" failures="0" skipped="0" tests="12" time="4.883" timestamp="2026-08-25T17:35:10.643740+05:30" hostname="lightdesk"><testcase classname="api.tests.test_api" name="test_analyze_single_pcap" time="0.039" /><testcase classname="api.tests.test_api" name="test_analyze_zip" time="0.006" /><testcase classname="api.tests.test_api" name="test_malformed" time="0.001" /><testcase classname="api.tests.test_api" name="test_missing_returns_422" time="0.001" /><testcase classname="api.tests.test_api_stream" name="test_chunk_read_413_direct" time="0.039" /><testcase classname="api.tests.test_api_stream" name="test_chunk_read_under_limit_ok" time="3.632" /><testcase classname="api.tests.test_api_stream" name="test_chunk_read_413_via_monkeypatch" time="0.044" /><testcase classname="api.tests.test_api_stream" name="test_malformed_magic_returns_error_not_500" time="0.001" /><testcase classname="api.tests.test_api_stream" name="test_bad_magic_pcap_returns_error" time="0.001" /><testcase classname="api.tests.test_api_stream" name="test_badzip_returns_error" time="0.001" /><testcase classname="api.tests.test_api_stream" name="test_cold_start_lt_3s" time="0.020" /><testcase classname="api.tests.test_api_stream" name="test_zip_fanout_10" time="0.008" /></testsuite></testsuites>