<?xml version="1.0" encoding="utf-8"?><testsuites name="pytest tests"><testsuite name="pytest" errors="0" failures="0" skipped="0" tests="21" time="20.254" timestamp="2026-08-25T18:10:38.060549+05:30" hostname="lightdesk"><testcase classname="shared.tests.test_censys_prior" name="test_prior_flag" time="0.001" /><testcase classname="shared.tests.test_censys_prior" name="test_chain_valid_none" time="0.000" /><testcase classname="shared.tests.test_censys_prior" name="test_ja4_rarity_span" time="0.000" /><testcase classname="shared.tests.test_censys_prior" name="test_prior_disjoint_env" time="0.000" /><testcase classname="shared.tests.test_censys_prior" name="test_ja4_grease_not_hardcoded" time="0.001" /><testcase classname="shared.tests.test_freeze_guard" name="test_breaking_change_fails" time="0.001" /><testcase classname="shared.tests.test_freeze_guard" name="test_additive_allowed" time="0.000" /><testcase classname="shared.tests.test_freeze_guard" name="test_pullable" time="0.000" /><testcase classname="shared.tests.test_freeze_guard" name="test_no_isotonic" time="0.003" /><testcase classname="shared.tests.test_freeze_guard" name="test_no_raw_ja4_in_vector" time="0.003" /><testcase classname="shared.tests.test_freeze_guard" name="test_family_grouping_forbidden_and_prior_locked" time="0.001" /><testcase classname="shared.tests.test_offline_bundle" name="test_schemas_json_exists" time="0.000" /><testcase classname="shared.tests.test_offline_bundle" name="test_no_weberblog_early" time="0.000" /><testcase classname="shared.tests.test_offline_bundle" name="test_schemas_json_jq_empty_valid" time="0.002" /><testcase classname="shared.tests.test_offline_bundle" name="test_vite_build_presence_and_bundle_size" time="0.013" /><testcase classname="shared.tests.test_offline_bundle" name="test_wheelhouse_size" time="0.003" /><testcase classname="shared.tests.test_offline_bundle" name="test_docker_save_size" time="20.187" /><testcase classname="shared.tests.test_schema" name="test_fixtures_schema" time="0.001" /><testcase classname="shared.tests.test_schema" name="test_opaque_invariant" time="0.000" /><testcase classname="shared.tests.test_schema" name="test_defs" time="0.005" /><testcase classname="shared.tests.test_schema" name="test_ja4_rarity_span_locked" time="0.000" /></testsuite></testsuites>