<?xml version="1.0" encoding="utf-8"?><testsuites name="pytest tests"><testsuite name="pytest" errors="0" failures="0" skipped="0" tests="8" time="0.017" timestamp="2026-08-25T19:00:46.870460+05:30" hostname="lightdesk"><testcase classname="lab.tests.test_jitter_slices" name="test_jitter_pcap_count" time="0.001" /><testcase classname="lab.tests.test_jitter_slices" name="test_jitter_env_id_distinct" time="0.000" /><testcase classname="lab.tests.test_jitter_slices" name="test_idx_not_overwritten" time="0.001" /><testcase classname="lab.tests.test_jitter_slices" name="test_grease_distinct_values" time="0.001" /><testcase classname="lab.tests.test_jitter_slices" name="test_reassembled_bins_exist" time="0.001" /><testcase classname="lab.tests.test_jitter_slices" name="test_manifest_31_envs" time="0.000" /><testcase classname="lab.tests.test_jitter_slices" name="test_ledger_jitter_rows" time="0.000" /><testcase classname="lab.tests.test_jitter_slices" name="test_manifest_has_ledger_consistency" time="0.000" /></testsuite></testsuites>