<?xml version="1.0" encoding="utf-8"?><testsuites name="pytest tests"><testsuite name="pytest" errors="0" failures="0" skipped="0" tests="22" time="23.500" timestamp="2026-08-25T14:52:38.840588+05:30" hostname="lightdesk"><testcase classname="shared.tests.test_schema" name="test_fixtures_schema" time="0.001" /><testcase classname="shared.tests.test_schema" name="test_opaque_invariant" time="0.000" /><testcase classname="shared.tests.test_schema" name="test_defs" time="0.005" /><testcase classname="analyzer.tests.test_handshake" name="test_cipher_exact" time="9.267" /><testcase classname="analyzer.tests.test_handshake" name="test_family06_opaque" time="1.016" /><testcase classname="analyzer.tests.test_handshake" name="test_family01_ecdhe_fs_aead" time="1.020" /><testcase classname="analyzer.tests.test_handshake" name="test_family09_stripped" time="1.038" /><testcase classname="analyzer.tests.test_handshake" name="test_family04_deprecated_weak" time="0.992" /><testcase classname="analyzer.tests.test_handshake" name="test_family05_deprecated_weak" time="1.022" /><testcase classname="analyzer.tests.test_handshake" name="test_version_logic" time="4.065" /><testcase classname="analyzer.tests.test_handshake" name="test_tshark_prefs_logged" time="1.020" /><testcase classname="analyzer.tests.test_handshake" name="test_schemas_forbid_tls_extra" time="1.021" /><testcase classname="analyzer.tests.test_handshake" name="test_no_cert_der_parse" time="0.000" /><testcase classname="analyzer.tests.test_handshake" name="test_malformed_unknown_version" time="1.023" /><testcase classname="analyzer.tests.test_ja4" name="test_grease_harmonization" time="0.001" /><testcase classname="analyzer.tests.test_ja4" name="test_ja4_present_all_flows" time="0.958" /><testcase classname="analyzer.tests.test_ja4" name="test_rarity_range_and_unknown" time="0.000" /><testcase classname="analyzer.tests.test_ja4" name="test_whitelist" time="0.000" /><testcase classname="analyzer.tests.test_ja4" name="test_offline_rarity_via_pcap" time="0.002" /><testcase classname="analyzer.tests.test_ja4" name="test_ja4s_emitted" time="0.002" /><testcase classname="analyzer.tests.test_ja4" name="test_early_data_ech_fields" time="1.015" /><testcase classname="analyzer.tests.test_ja4" name="test_rarity_span_fixtures" time="0.001" /></testsuite></testsuites>