<?xml version="1.0" encoding="utf-8"?><testsuites name="pytest tests"><testsuite name="pytest" errors="0" failures="0" skipped="0" tests="9" time="16.205" timestamp="2026-08-25T14:43:04.936322+05:30" hostname="lightdesk"><testcase classname="analyzer.tests.test_handshake" name="test_cipher_exact" time="9.114" /><testcase classname="analyzer.tests.test_handshake" name="test_family06_opaque" time="1.020" /><testcase classname="analyzer.tests.test_handshake" name="test_family01_ecdhe_fs_aead" time="1.005" /><testcase classname="analyzer.tests.test_handshake" name="test_family09_stripped" time="1.002" /><testcase classname="analyzer.tests.test_handshake" name="test_family04_deprecated_weak" time="1.008" /><testcase classname="analyzer.tests.test_handshake" name="test_tshark_prefs_logged" time="1.016" /><testcase classname="analyzer.tests.test_handshake" name="test_schemas_forbid_tls_extra" time="1.019" /><testcase classname="analyzer.tests.test_handshake" name="test_no_cert_der_parse" time="0.000" /><testcase classname="analyzer.tests.test_handshake" name="test_malformed_unknown_version" time="1.007" /></testsuite></testsuites>