<?xml version="1.0" encoding="utf-8"?><testsuites name="pytest tests"><testsuite name="pytest" errors="0" failures="0" skipped="0" tests="21" time="0.359" timestamp="2026-08-25T15:07:45.839095+05:30" hostname="lightdesk"><testcase classname="validator.tests.test_chain_limbo" name="test_rsa2048_valid" time="0.005" /><testcase classname="validator.tests.test_chain_limbo" name="test_chain_incomplete_invalid" time="0.004" /><testcase classname="validator.tests.test_chain_limbo" name="test_expired_is_expired" time="0.004" /><testcase classname="validator.tests.test_chain_limbo" name="test_p256_valid" time="0.004" /><testcase classname="validator.tests.test_chain_limbo" name="test_policybuilder_present" time="0.000" /><testcase classname="validator.tests.test_chain_limbo" name="test_dual_store_exists" time="0.000" /><testcase classname="validator.tests.test_chain_limbo" name="test_cli_json" time="0.068" /><testcase classname="validator.tests.test_chain_limbo" name="test_limbovectors" time="0.078" /><testcase classname="validator.tests.test_chain_limbo" name="test_precision" time="0.077" /><testcase classname="validator.tests.test_chain_limbo" name="test_no_live_fetch_and_no_mock13" time="0.000" /><testcase classname="validator.tests.test_chain_limbo" name="test_family07_expired_critical" time="0.004" /><testcase classname="validator.tests.test_chain_limbo" name="test_family08_rsa1024_des_critical" time="0.004" /><testcase classname="validator.tests.test_chain_limbo" name="test_family10_chain_incomplete_high" time="0.008" /><testcase classname="validator.tests.test_chain_limbo" name="test_family06_opaque_invariant" time="0.006" /><testcase classname="validator.tests.test_badssl" name="test_badssl_templates" time="0.000" /><testcase classname="validator.tests.test_badssl" name="test_badssl_precision" time="0.040" /><testcase classname="validator.tests.test_badssl" name="test_badssl_expired_flag" time="0.004" /><testcase classname="validator.tests.test_badssl" name="test_badssl_selfsigned_flag" time="0.004" /><testcase classname="validator.tests.test_badssl" name="test_badssl_rsa1024_flag" time="0.004" /><testcase classname="validator.tests.test_badssl" name="test_badssl_sha1_and_no_live_fetch" time="0.005" /><testcase classname="validator.tests.test_badssl" name="test_badssl_no_mock13" time="0.000" /></testsuite></testsuites>