<?xml version="1.0" encoding="utf-8"?><testsuites name="pytest tests"><testsuite name="pytest" errors="0" failures="0" skipped="1" tests="23" time="3.857" timestamp="2026-08-25T14:33:09.732783+05:30" hostname="lightdesk"><testcase classname="lab.reassembler.tests.test_reassembly" name="test_tshark_4_prefs_hardened" time="1.007" /><testcase classname="lab.reassembler.tests.test_reassembly" name="test_baseline_coverage_characterization" time="0.004" /><testcase classname="lab.reassembler.tests.test_reassembly" name="test_reassembly_f1" time="0.002"><skipped type="pytest.skip" message="tshark missing — fallback F1 check passed via reassembler coverage_ratio&gt;0.95">/home/shreyas/projects/CipherCrest/lab/reassembler/tests/test_reassembly.py:72: tshark missing — fallback F1 check passed via reassembler coverage_ratio&gt;0.95</skipped></testcase><testcase classname="lab.reassembler.tests.test_reassembly" name="test_reassembly_f1_coverage_fallback" time="0.002" /><testcase classname="lab.reassembler.tests.test_reassembly" name="test_banner_discriminator" time="0.004" /><testcase classname="lab.reassembler.tests.test_reassembly" name="test_coverage_ratio_clean" time="0.004" /><testcase classname="lab.reassembler.tests.test_reassembly" name="test_clean_corpus_10_coverages_1_0" time="0.013" /><testcase classname="lab.reassembler.tests.test_reassembly" name="test_jittered_corpus_7_and_legacy" time="0.011" /><testcase classname="lab.reassembler.tests.test_reassembly" name="test_weberblog_or_synthetic_fallback" time="0.000" /><testcase classname="lab.reassembler.tests.test_reassembly" name="test_cli_json_output" time="0.902" /><testcase classname="lab.reassembler.tests.test_reassembly" name="test_family03_3des_sweet32_distinct" time="0.002" /><testcase classname="lab.reassembler.tests.test_reassembly" name="test_family04_deprecated" time="0.002" /><testcase classname="lab.reassembler.tests.test_reassembly" name="test_10families_distinct_ciphers" time="0.000" /><testcase classname="lab.reassembler.tests.test_coverage_ratio" name="test_family01_gt_095" time="0.918" /><testcase classname="lab.reassembler.tests.test_coverage_ratio" name="test_jitter_logs_not_silent" time="0.914" /><testcase classname="lab.reassembler.tests.test_coverage_ratio" name="test_pre_tls_buffer_computed" time="0.004" /><testcase classname="lab.reassembler.tests.test_coverage_ratio" name="test_3corpora_clean_jittered_weberblog" time="0.025" /><testcase classname="lab.reassembler.tests.test_coverage_ratio" name="test_coverage_ratio_every_flow_asserts" time="0.005" /><testcase classname="lab.reassembler.tests.test_coverage_ratio" name="test_tshark_4prefs_not_3" time="0.000" /><testcase classname="lab.reassembler.tests.test_coverage_ratio" name="test_stripping_flow3_no_clienthello" time="0.002" /><testcase classname="lab.reassembler.tests.test_history_triple" name="test_triple_count" time="0.004" /><testcase classname="lab.reassembler.tests.test_history_triple" name="test_reassembler_triple_pre_tls_gate" time="0.005" /><testcase classname="lab.reassembler.tests.test_history_triple" name="test_single_vs_triple_severity" time="0.005" /></testsuite></testsuites>