<?xml version="1.0" encoding="utf-8"?><testsuites name="pytest tests"><testsuite name="pytest" errors="0" failures="0" skipped="0" tests="6" time="0.031" timestamp="2026-08-25T19:14:12.540154+05:30" hostname="lightdesk"><testcase classname="shared.tests.test_freeze_guard" name="test_breaking_change_fails" time="0.001" /><testcase classname="shared.tests.test_freeze_guard" name="test_additive_allowed" time="0.000" /><testcase classname="shared.tests.test_freeze_guard" name="test_pullable" time="0.000" /><testcase classname="shared.tests.test_freeze_guard" name="test_no_isotonic" time="0.004" /><testcase classname="shared.tests.test_freeze_guard" name="test_no_raw_ja4_in_vector" time="0.004" /><testcase classname="shared.tests.test_freeze_guard" name="test_family_grouping_forbidden_and_prior_locked" time="0.002" /></testsuite></testsuites>