<?xml version="1.0" encoding="utf-8"?><testsuites name="pytest tests"><testsuite name="pytest" errors="0" failures="0" skipped="0" tests="12" time="4.301" timestamp="2026-08-25T19:14:50.499114+05:30" hostname="lightdesk"><testcase classname="assessment.tests.test_risk_ablation" name="test_platt_cv2" time="0.790" /><testcase classname="assessment.tests.test_risk_ablation" name="test_xgb_params" time="0.000" /><testcase classname="assessment.tests.test_risk_ablation" name="test_no_isotonic" time="0.001" /><testcase classname="assessment.tests.test_risk_ablation" name="test_ece_hi" time="1.870" /><testcase classname="assessment.tests.test_risk_ablation" name="test_calibration_curve_exists" time="0.000" /><testcase classname="assessment.tests.test_risk_ablation" name="test_permutation_n10" time="1.551" /><testcase classname="assessment.tests.test_risk_ablation" name="test_calibrated_prob_range" time="0.013" /><testcase classname="assessment.tests.test_risk_ablation" name="test_weak_supervision_ledger" time="0.000" /><testcase classname="assessment.tests.test_risk_ablation" name="test_pkl_size" time="0.000" /><testcase classname="assessment.tests.test_risk_ablation" name="test_no_raw_ja4_feature" time="0.000" /><testcase classname="assessment.tests.test_risk_ablation" name="test_build_vector_28" time="0.000" /><testcase classname="assessment.tests.test_risk_ablation" name="test_splits_31" time="0.000" /></testsuite></testsuites>