<?xml version="1.0" encoding="utf-8"?><testsuites name="pytest tests"><testsuite name="pytest" errors="0" failures="0" skipped="2" tests="24" time="19.252" timestamp="2026-08-25T15:18:21.643104+05:30" hostname="lightdesk"><testcase classname="shared.tests.test_schema" name="test_fixtures_schema" time="0.001" /><testcase classname="shared.tests.test_schema" name="test_opaque_invariant" time="0.000" /><testcase classname="shared.tests.test_schema" name="test_defs" time="0.005" /><testcase classname="shared.tests.test_schema" name="test_ja4_rarity_span_locked" time="0.000" /><testcase classname="shared.tests.test_freeze_guard" name="test_breaking_change_fails" time="0.000" /><testcase classname="shared.tests.test_freeze_guard" name="test_additive_allowed" time="0.000" /><testcase classname="shared.tests.test_freeze_guard" name="test_pullable" time="0.000" /><testcase classname="shared.tests.test_freeze_guard" name="test_no_isotonic" time="0.003" /><testcase classname="shared.tests.test_freeze_guard" name="test_no_raw_ja4_in_vector" time="0.003" /><testcase classname="shared.tests.test_freeze_guard" name="test_family_grouping_forbidden_and_prior_locked" time="0.001" /><testcase classname="shared.tests.test_ja4_grease" name="test_grease_filter" time="0.000" /><testcase classname="shared.tests.test_ja4_rarity" name="test_known_returns_rarity" time="0.000" /><testcase classname="shared.tests.test_ja4_rarity" name="test_unknown_returns_none" time="0.000" /><testcase classname="shared.tests.test_ja4_rarity" name="test_rarity_range_all_known" time="0.000" /><testcase classname="shared.tests.test_fixtures_parity" name="test_tshark_prefs_documented" time="0.000" /><testcase classname="shared.tests.test_fixtures_parity" name="test_fixtures_parity_golden" time="0.000"><skipped type="pytest.skip" message="tshark missing or no output for family-01 — fallback logged, not silent">/home/shreyas/projects/CipherCrest/shared/tests/test_fixtures_parity.py:85: tshark missing or no output for family-01 — fallback logged, not silent</skipped></testcase><testcase classname="shared.tests.test_fixtures_parity" name="test_history_3flow_parity" time="0.000" /><testcase classname="shared.tests.test_fixtures_parity" name="test_grease_harmonization" time="0.000" /><testcase classname="shared.tests.test_offline_bundle" name="test_schemas_json_exists" time="0.000" /><testcase classname="shared.tests.test_offline_bundle" name="test_no_weberblog_early" time="0.000" /><testcase classname="shared.tests.test_offline_bundle" name="test_schemas_json_jq_empty_valid" time="0.002" /><testcase classname="shared.tests.test_offline_bundle" name="test_vite_build_presence_and_bundle_size" time="0.013" /><testcase classname="shared.tests.test_offline_bundle" name="test_wheelhouse_size" time="0.000"><skipped type="pytest.skip" message="wheelhouse not yet created Day3-4 — gate skipped until Day10 (lean &lt;350MB without torch)">/home/shreyas/projects/CipherCrest/shared/tests/test_offline_bundle.py:82: wheelhouse not yet created Day3-4 — gate skipped until Day10 (lean &lt;350MB without torch)</skipped></testcase><testcase classname="shared.tests.test_offline_bundle" name="test_docker_save_size" time="19.186" /></testsuite></testsuites>