<?xml version="1.0" encoding="utf-8"?><testsuites name="pytest tests"><testsuite name="pytest" errors="0" failures="0" skipped="0" tests="8" time="3.018" timestamp="2026-08-25T19:33:59.711435+05:30" hostname="lightdesk"><testcase classname="api.tests.test_api" name="test_analyze_single_pcap" time="0.323" /><testcase classname="api.tests.test_api" name="test_analyze_zip" time="0.036" /><testcase classname="api.tests.test_api" name="test_malformed" time="0.002" /><testcase classname="api.tests.test_api" name="test_missing_returns_422" time="0.001" /><testcase classname="api.tests.test_api_ml_wiring" name="test_ml_enriched_zip3" time="0.062" /><testcase classname="api.tests.test_api_ml_wiring" name="test_fallback_graceful_when_pkl_missing_still_200" time="0.032" /><testcase classname="api.tests.test_api_ml_wiring" name="test_malformed_still_error" time="0.002" /><testcase classname="api.tests.test_api_ml_wiring" name="test_calibrated_prob_via_dummy_pcap_zip" time="0.022" /></testsuite></testsuites>