<?xml version="1.0" encoding="utf-8"?><testsuites name="pytest tests"><testsuite name="pytest" errors="0" failures="0" skipped="0" tests="11" time="0.031" timestamp="2026-08-25T17:29:26.061085+05:30" hostname="lightdesk"><testcase classname="assessment.tests.test_splits" name="test_splits_file_exists" time="0.001" /><testcase classname="assessment.tests.test_splits" name="test_unique_envs_and_ratio" time="0.000" /><testcase classname="assessment.tests.test_splits" name="test_groups_disjoint" time="0.000" /><testcase classname="assessment.tests.test_splits" name="test_d3_locked_disjoint" time="0.000" /><testcase classname="assessment.tests.test_splits" name="test_d_prior_disjoint" time="0.000" /><testcase classname="assessment.tests.test_splits" name="test_prior_flag_disjoint_and_no_risk_labels" time="0.000" /><testcase classname="assessment.tests.test_splits" name="test_d5_temporal_same_env" time="0.000" /><testcase classname="assessment.tests.test_splits" name="test_family_id_forbidden" time="0.000" /><testcase classname="assessment.tests.test_splits" name="test_no_forbidden_calibration_in_assessment" time="0.001" /><testcase classname="assessment.tests.test_splits" name="test_environment_id_grouping" time="0.000" /><testcase classname="assessment.tests.test_splits" name="test_all_environment_ids_completeness" time="0.000" /></testsuite></testsuites>