<?xml version="1.0" encoding="UTF-8"?>
<testsuite name="task-10 EVIDENCE Day5-6 SYSTEM 5/8 snapshots" tests="14" failures="0" errors="0" skipped="0" time="0.85">
  <testcase classname="eval.EVIDENCE_Day5" name="test_file_exists_Day5" time="0.01"><system-out>test -f eval/EVIDENCE_Day5.md PASS</system-out></testcase>
  <testcase classname="eval.EVIDENCE_Day5" name="test_file_exists_Day6" time="0.01"><system-out>test -f eval/EVIDENCE_Day6.md PASS</system-out></testcase>
  <testcase classname="eval.EVIDENCE_Day5" name="test_SYSTEM_5_8_badge" time="0.02"><system-out>grep -q "SYSTEM 5/8" eval/EVIDENCE_Day5.md PASS, grep -q "SYSTEM 5/8" eval/EVIDENCE_Day6.md PASS — SYSTEM 5/8 only, not 8/8 green</system-out></testcase>
  <testcase classname="eval.EVIDENCE_Day5" name="test_STARTTLS_F1_gt_95" time="0.02"><system-out>grep -q "STARTTLS F1&gt;95%" eval/EVIDENCE_Day5.md PASS — lossy/weberblog 1.0 clean 0.897 jittered logged, tshark 4 prefs F1 100%</system-out></testcase>
  <testcase classname="eval.EVIDENCE_Day5" name="test_cipher_gt_98" time="0.05"><system-out>grep -q "cipher exact &gt;98%" eval/EVIDENCE_Day5.md PASS — 9/9 100% vs manifest IANA exact</system-out></testcase>
  <testcase classname="eval.EVIDENCE_Day5" name="test_prec_gt_90_stratified" time="0.03"><system-out>grep -q "prec&gt;90%" eval/EVIDENCE_Day5.md PASS — CABF 1.000 6TP6TN + private 1.000 2TP6TN badssl 1.000 stratified not pooled</system-out></testcase>
  <testcase classname="eval.EVIDENCE_Day5" name="test_weak_recall_100" time="0.04"><system-out>grep -q "weak recall 100%" eval/EVIDENCE_Day5.md PASS — 7/7 families 03-10+09 23-check 20 scored+3 info</system-out></testcase>
  <testcase classname="eval.EVIDENCE_Day5" name="test_honesty_14_20_REAL" time="0.02"><system-out>grep -q "14/20 REAL" eval/EVIDENCE_Day5.md PASS — dashboard HonestyBanner blue + greyed cert tab 14/20 REAL +3 info per V2/V4/MX</system-out></testcase>
  <testcase classname="eval.EVIDENCE_Day5" name="test_ML_deferred_Day7_10" time="0.01"><system-out>grep -q "ML.*Day7-10" eval/EVIDENCE_Day5.md PASS — shell LEARN Day7-10 lean XGB Platt cv=2 ECE hi&lt;0.20 500-boot ECOD ROC point&gt;0.60 NDCG 12x2 k&gt;0.5 no hard-fail 🟡</system-out></testcase>
  <testcase classname="eval.EVIDENCE_Day5" name="test_family_fixtures_10" time="0.01"><system-out>ls shared/fixtures/family-*.json | wc -l == 10 PASS</system-out></testcase>
  <testcase classname="eval.EVIDENCE_Day5" name="test_23x3_table" time="0.02"><system-out>python -c "assert open('eval/EVIDENCE_Day5.md').read().count('23')&gt;=3" PASS — 23×3 table 20 scored+3 info-greyed per-port 25/587/993+MX</system-out></testcase>
  <testcase classname="eval.EVIDENCE_Day5" name="test_lineage_trio" time="0.02"><system-out>grep -q "manifest.*reassembled.*features" eval/EVIDENCE_Day5.md PASS — lineage manifest→reassembled→features vs tshark trio + per-version R1-R8 table</system-out></testcase>
  <testcase classname="eval.EVIDENCE_Day5" name="test_ML_not_8_8_green" time="0.01"><system-out>! grep -q "8/8 green" eval/EVIDENCE_Day5.md || (grep -q "NOT 8/8 green" eval/EVIDENCE_Day5.md &amp;&amp; grep -q "SYSTEM 5/8 only" eval/EVIDENCE_Day5.md) PASS — no ML 8/8 claim, 5/8 only ML 🟡</system-out></testcase>
  <testcase classname="eval.EVIDENCE_Day5" name="test_api_indicators" time="0.03"><system-out>pytest shared/tests/test_schema.py -q 4 passed JSON 20/20 + api/tests/test_api_e2e.py zip10 posture+policy_dist + GET /flows &lt;50ms 0.64ms + cold-start 0.04s &lt;3s + wheelhouse 345M &lt;350M + splits 17 envs D1 5 D2 3 D3 2 D_prior 20</system-out></testcase>
</testsuite>
